[
  {
    "courseCode": 103,
    "courseName": "Introduction to Computer Skills",
    "synopsisLink": "https://www.cs.rutgers.edu//academics/undergraduate/course-synopses/course-details/01-198-103-introduction-to-computer-skills"
  },
  {
    "courseCode": 105,
    "courseName": "Great Insights in Computer Science",
    "synopsisLink": "https://www.cs.rutgers.edu//academics/undergraduate/course-synopses/course-details/01-198-105-great-insights-in-computer-science"
  },
  {
    "courseCode": 107,
    "courseName": "Computing for Math and the Sciences",
    "synopsisLink": "https://www.cs.rutgers.edu//academics/undergraduate/course-synopses/course-details/01-198-107-computing-for-math-and-the-sciences"
  },
  {
    "courseCode": 110,
    "courseName": "Principles of Computer Science",
    "synopsisLink": "https://www.cs.rutgers.edu//academics/undergraduate/course-synopses/course-details/01-198-110-introduction-to-computers-and-their-application"
  },
  {
    "courseCode": 111,
    "courseName": "Introduction to Computer Science",
    "synopsisLink": "https://www.cs.rutgers.edu//academics/undergraduate/course-synopses/course-details/01-198-111-introduction-to-computer-science"
  },
  {
    "courseCode": 112,
    "courseName": "Data Structures",
    "synopsisLink": "https://www.cs.rutgers.edu//academics/undergraduate/course-synopses/course-details/01-198-112-data-structures"
  },
  {
    "courseCode": 142,
    "courseName": "Data 101: Data Literacy",
    "synopsisLink": "https://www.cs.rutgers.edu//academics/undergraduate/course-synopses/course-details/01-198-142-data-101-data-literacy"
  },
  {
    "courseCode": 143,
    "courseName": "Data 101: Data Literacy   Hybrid Version*",
    "synopsisLink": "https://www.cs.rutgers.edu//academics/undergraduate/course-synopses/course-details/01-198-112-data-structures-3"
  },
  {
    "courseCode": 170,
    "courseName": "Computer Application for Business",
    "synopsisLink": "https://www.cs.rutgers.edu//academics/undergraduate/course-synopses/course-details/01-198-170-computer-application-for-business"
  },
  {
    "courseCode": 195,
    "courseName": "Honors Seminar in Computer Science",
    "synopsisLink": "https://www.cs.rutgers.edu//academics/undergraduate/course-synopses/course-details/01-198-195-honors-seminar-in-computer-science"
  },
  {
    "courseCode": 205,
    "courseName": "Introduction to Discrete Structures I",
    "synopsisLink": "https://www.cs.rutgers.edu//academics/undergraduate/course-synopses/course-details/01-198-205-introduction-to-discrete-structures-i"
  },
  {
    "courseCode": 206,
    "courseName": "Introduction to Discrete Structures II",
    "synopsisLink": "https://www.cs.rutgers.edu//academics/undergraduate/course-synopses/course-details/01-198-206-introduction-to-discrete-structures-ii"
  },
  {
    "courseCode": 210,
    "courseName": "Data management for Data Science",
    "synopsisLink": "https://www.cs.rutgers.edu//academics/undergraduate/course-synopses/course-details/01-198-210-data-management-for-data-science"
  },
  {
    "courseCode": 211,
    "courseName": "Computer Architecture",
    "synopsisLink": "https://www.cs.rutgers.edu//academics/undergraduate/course-synopses/course-details/01-198-211-computer-architecture"
  },
  {
    "courseCode": 213,
    "courseName": "Software Methodology",
    "synopsisLink": "https://www.cs.rutgers.edu//academics/undergraduate/course-synopses/course-details/01-198-213-software-methodology"
  },
  {
    "courseCode": 214,
    "courseName": "Systems Programming",
    "synopsisLink": "https://www.cs.rutgers.edu//academics/undergraduate/course-synopses/course-details/01-198-214-systems-programming"
  },
  {
    "courseCode": 310,
    "courseName": "Data Science Capstone Project",
    "synopsisLink": "https://www.cs.rutgers.edu//academics/undergraduate/course-synopses/course-details/data-science-capstone-project-2"
  },
  {
    "courseCode": 314,
    "courseName": "Principles of Programming Languages",
    "synopsisLink": "https://www.cs.rutgers.edu//academics/undergraduate/course-synopses/course-details/01-198-314-principles-of-programming-languages"
  },
  {
    "courseCode": 323,
    "courseName": "Numerical Analysis and Computing",
    "synopsisLink": "https://www.cs.rutgers.edu//academics/undergraduate/course-synopses/course-details/01-198-323-numerical-analysis-and-computing"
  },
  {
    "courseCode": 324,
    "courseName": "Numerical Methods",
    "synopsisLink": "https://www.cs.rutgers.edu//academics/undergraduate/course-synopses/course-details/01-198-324-numerical-methods"
  },
  {
    "courseCode": 334,
    "courseName": "Introduction to Imaging and Multimedia",
    "synopsisLink": "https://www.cs.rutgers.edu//academics/undergraduate/course-synopses/course-details/01-198-334-introduction-to-imaging-and-multimedia"
  },
  {
    "courseCode": 336,
    "courseName": "Principles of Information and Data Management",
    "synopsisLink": "https://www.cs.rutgers.edu//academics/undergraduate/course-synopses/course-details/01-198-336-principles-of-information-and-data-management"
  },
  {
    "courseCode": 344,
    "courseName": "Design and Analysis of Computer Algorithms",
    "synopsisLink": "https://www.cs.rutgers.edu//academics/undergraduate/course-synopses/course-details/01-198-344-design-and-analysis-of-computer-algorithms"
  },
  {
    "courseCode": 352,
    "courseName": "Internet Technology",
    "synopsisLink": "https://www.cs.rutgers.edu//academics/undergraduate/course-synopses/course-details/01-198-352-internet-technology"
  },
  {
    "courseCode": 405,
    "courseName": "Seminar in Computers and Society",
    "synopsisLink": "https://www.cs.rutgers.edu//academics/undergraduate/course-synopses/course-details/01-198-405-seminar-in-computers-and-society"
  },
  {
    "courseCode": 411,
    "courseName": "Computer Architecture II",
    "synopsisLink": "https://www.cs.rutgers.edu//academics/undergraduate/course-synopses/course-details/01-198-411-computer-architecture-ii"
  },
  {
    "courseCode": 415,
    "courseName": "Compilers",
    "synopsisLink": "https://www.cs.rutgers.edu//academics/undergraduate/course-synopses/course-details/01-198-415-compilers"
  },
  {
    "courseCode": 416,
    "courseName": "Operating Systems Design",
    "synopsisLink": "https://www.cs.rutgers.edu//academics/undergraduate/course-synopses/course-details/01-198-416-operating-systems-design"
  },
  {
    "courseCode": 417,
    "courseName": "Distributed Systems: Concepts and Design",
    "synopsisLink": "https://www.cs.rutgers.edu//academics/undergraduate/course-synopses/course-details/01-198-417-distributed-systems-concepts-and-design"
  },
  {
    "courseCode": 419,
    "courseName": "Computer Security",
    "synopsisLink": "https://www.cs.rutgers.edu//academics/undergraduate/course-synopses/course-details/01-198-419-computer-security"
  },
  {
    "courseCode": 424,
    "courseName": "Modeling and Simulation of Continuous Systems",
    "synopsisLink": "https://www.cs.rutgers.edu//academics/undergraduate/course-synopses/course-details/01-198-424-modeling-and-simulation-of-continuous-systems"
  },
  {
    "courseCode": 425,
    "courseName": "Brain Inspired Computing",
    "synopsisLink": "https://www.cs.rutgers.edu//academics/undergraduate/course-synopses/course-details/01-198-425-computer-methods-in-statistics"
  },
  {
    "courseCode": 428,
    "courseName": "Introduction to Computer Graphics",
    "synopsisLink": "https://www.cs.rutgers.edu//academics/undergraduate/course-synopses/course-details/01-198-428-introduction-to-computer-graphics"
  },
  {
    "courseCode": 431,
    "courseName": "Software Engineering",
    "synopsisLink": "https://www.cs.rutgers.edu//academics/undergraduate/course-synopses/course-details/01-198-431-software-engineering"
  },
  {
    "courseCode": 437,
    "courseName": "Database Systems Implementation",
    "synopsisLink": "https://www.cs.rutgers.edu//academics/undergraduate/course-synopses/course-details/01-198-437-database-systems-implementation"
  },
  {
    "courseCode": 439,
    "courseName": "Introduction to Data Science",
    "synopsisLink": "https://www.cs.rutgers.edu//academics/undergraduate/course-synopses/course-details/01-198-439-introduction-to-data-science"
  },
  {
    "courseCode": 440,
    "courseName": "Introduction to Artificial Intelligence",
    "synopsisLink": "https://www.cs.rutgers.edu//academics/undergraduate/course-synopses/course-details/01-198-440-introduction-to-artificial-intelligence"
  },
  {
    "courseCode": 442,
    "courseName": "Topics in Computer Science",
    "synopsisLink": "https://www.cs.rutgers.edu//academics/undergraduate/course-synopses/course-details/01-198-442-topics-in-computer-science"
  },
  {
    "courseCode": 443,
    "courseName": "Topics in Computer Science",
    "synopsisLink": "https://www.cs.rutgers.edu//academics/undergraduate/course-synopses/course-details/01-198-443-topics-in-computer-science"
  },
  {
    "courseCode": 444,
    "courseName": "Topics in Computer Science",
    "synopsisLink": "https://www.cs.rutgers.edu//academics/undergraduate/course-synopses/course-details/01-198-444-topics-in-computer-science"
  },
  {
    "courseCode": 445,
    "courseName": "Topics in Computer Science",
    "synopsisLink": "https://www.cs.rutgers.edu//academics/undergraduate/course-synopses/course-details/01-198-445-topics-in-computer-science"
  },
  {
    "courseCode": 452,
    "courseName": "Formal Languages and Automata",
    "synopsisLink": "https://www.cs.rutgers.edu//academics/undergraduate/course-synopses/course-details/01-198-452-formal-languages-and-automata"
  },
  {
    "courseCode": 460,
    "courseName": "Introduction to Computational Robotics",
    "synopsisLink": "https://www.cs.rutgers.edu//academics/undergraduate/course-synopses/course-details/01-198-460-introduction-to-computational-robotics"
  },
  {
    "courseCode": 461,
    "courseName": "Machine Learning Principles",
    "synopsisLink": "https://www.cs.rutgers.edu//academics/undergraduate/course-synopses/course-details/01-198-461-machine-learning-principles"
  },
  {
    "courseCode": 462,
    "courseName": "Introduction to Deep Learning",
    "synopsisLink": "https://www.cs.rutgers.edu//academics/undergraduate/course-synopses/course-details/01-198-462-introduction-to-deep-learning"
  },
  {
    "courseCode": 493,
    "courseName": "Independent Study in Computer Science",
    "synopsisLink": "https://www.cs.rutgers.edu//academics/undergraduate/course-synopses/course-details/01-198-493-independent-study-in-computer-science"
  },
  {
    "courseCode": 494,
    "courseName": "Independent Study in Computer Science",
    "synopsisLink": "https://www.cs.rutgers.edu//academics/undergraduate/course-synopses/course-details/01-198-494-independent-study-in-computer-science"
  },
  {
    "courseCode": 495,
    "courseName": "Honors Capstone 1",
    "synopsisLink": "https://www.cs.rutgers.edu//academics/undergraduate/course-synopses/course-details/01-198-495-honors-capstone-1"
  },
  {
    "courseCode": 496,
    "courseName": "Honors Capstone 2",
    "synopsisLink": "https://www.cs.rutgers.edu//academics/undergraduate/course-synopses/course-details/01-198-496-honors-capstone-2"
  }
]